[2026-07-17 08:36:06] [INFO] 验证店铺 3 家
[2026-07-17 08:36:06] [INFO]   W00001 阿里健康大药房: 3 条线索
[2026-07-17 08:36:06] [INFO]   W00003 依伦平旗舰店: 3 条线索
[2026-07-17 08:36:06] [INFO]   W04566 上元堂大药房旗舰店: 3 条线索
[2026-07-17 08:36:06] [INFO] [W00001] === 开始处理 阿里健康大药房 (历史线索 3 条) ===
[2026-07-17 08:36:06] [INFO] [W00001] 路线一 detail 648878452873 (托妥 瑞舒伐他汀钙片 10mg*28片)
[2026-07-17 08:36:30] [INFO]   detail 648878452873 -> status=shop_unverified title=[自营][新托妥]瑞舒伐他汀钙片 10mg*28片/盒 price=¥79.99 shop=(无)
[2026-07-17 08:36:30] [INFO] [W00001] 路线一 detail 616813986176 (依伦平 厄贝沙坦氢氯噻嗪片 0.15g:12.5mg*28片)
[2026-07-17 08:36:56] [INFO]   detail 616813986176 -> status=shop_unverified title=[自营][依伦平]厄贝沙坦氢氯噻嗪片 12.5mg:150mg*28片/盒 price=¥126 shop=(无)
[2026-07-17 08:36:56] [INFO] [W00001] 路线一 detail 610185190310 (葛泰 地奥司明片 0.45g*24片)
[2026-07-17 08:37:24] [INFO]   detail 610185190310 -> status=shop_unverified title=[自营][葛泰]地奥司明片 0.45g*24片/盒 price=¥38 shop=(无)
[2026-07-17 08:37:24] [INFO] [W00001] 路线二 search '阿里健康大药房 托妥 瑞舒伐他汀钙片 10mg*28片' (目标 托妥 10mg*28片)
[2026-07-17 08:37:51] [INFO]   search '阿里健康大药房 托妥 瑞舒伐他汀钙片 10mg*28片' -> 20 条结果
[2026-07-17 08:37:51] [INFO] [W00001] 路线二 detail 候选 666434431725 (京诺瑞舒伐他汀钙片10mg*28片/盒血脂异常高胆固醇血症降血脂饮食控制运动降胆)
[2026-07-17 08:38:12] [INFO]   detail 666434431725 -> status=shop_unverified title=[自营][京诺]瑞舒伐他汀钙片 10mg*28片/盒 price=¥66 shop=(无)
[2026-07-17 08:38:12] [INFO] [W00001] 路线二 detail 候选 627730518228 (新托妥瑞舒伐他汀钙片10mg*48片/盒高胆固醇血症高血脂血脂异常降血脂正品好药)
[2026-07-17 08:38:38] [INFO]   detail 627730518228 -> status=shop_unverified title=[自营][新托妥]瑞舒伐他汀钙片 10mg*48片/盒 price=¥124 shop=(无)
[2026-07-17 08:38:38] [INFO] [W00001] 路线二 search '阿里健康大药房 依伦平 厄贝沙坦氢氯噻嗪片 0.15g:12.5mg*28片' (目标 依伦平 0.15g:12.5mg*28片)
[2026-07-17 08:39:00] [INFO]   search '阿里健康大药房 依伦平 厄贝沙坦氢氯噻嗪片 0.15g:12.5mg*28片' -> 18 条结果
[2026-07-17 08:39:00] [INFO] [W00001] 路线二 detail 候选 645170175285 (依伦平厄贝沙坦氢氯噻嗪片150mg:12.5mg*14片/盒治疗原发性高血压头晕)
[2026-07-17 08:39:31] [INFO]   detail 645170175285 -> status=shop_unverified title=[依伦平]厄贝沙坦氢氯噻嗪片 12.5mg:150mg*14片/盒 price=¥119.33 shop=(无)
[2026-07-17 08:39:31] [INFO] [W00001] 路线二 detail 候选 609888794934 (安博诺厄贝沙坦氢氯噻嗪片28片/盒三高原发性原研固定圧头痛头晕官方旗舰店目眩阿里)
[2026-07-17 08:39:48] [INFO]   detail 609888794934 -> status=shop_unverified title=[自营][安博诺]厄贝沙坦氢氯噻嗪片 12.5mg:150mg*28片/盒 price=¥187.88 shop=(无)
[2026-07-17 08:39:48] [INFO] [W00001] 路线二 search '阿里健康大药房 葛泰 地奥司明片 0.45g*24片' (目标 葛泰 0.45g*24片)
[2026-07-17 08:40:09] [INFO]   search '阿里健康大药房 葛泰 地奥司明片 0.45g*24片' -> 19 条结果
[2026-07-17 08:40:09] [INFO] [W00001] 路线二 detail 候选 547214614259 (官方旗舰店】马应龙 地奥司明片 0.45g*24片/盒 马应龙官方旗舰店正品)
[2026-07-17 08:40:43] [INFO]   detail 547214614259 -> status=shop_mismatch title=【马应龙】地奥司明片 0.45g*24片/盒 price=¥48 shop=马应龙大药房旗舰店
[2026-07-17 08:40:43] [INFO] [W00001] 路线二 detail 候选 713199361431 (马应龙 地奥司明片 0.45g*24片)
[2026-07-17 08:41:05] [INFO]   detail 713199361431 -> status=shop_mismatch title=[马应龙]地奥司明片 0.45g*24片/盒 price=¥24 shop=布衣大药房旗舰店
[2026-07-17 08:41:05] [INFO] [W00001] 阿里健康大药房 处理完成：成功 0/6 条，店铺映射=已找到
[2026-07-17 08:41:05] [INFO] [W00001] 已保存CSV（累计 1 家店铺，6 条药品）
[2026-07-17 08:41:05] [INFO] [W00003] === 开始处理 依伦平旗舰店 (历史线索 3 条) ===
[2026-07-17 08:41:05] [INFO] [W00003] 路线一 detail 674234987846 (依伦平 厄贝沙坦氢氯噻嗪片 150mg:12.5mg*14片)
[2026-07-17 08:41:36] [INFO]   detail 674234987846 -> status=success title=【依伦平】厄贝沙坦氢氯噻嗪片 12.5mg:150mg*14片/盒 price=¥86 shop=依伦平旗舰店
[2026-07-17 08:41:36] [INFO] [W00003] 路线一 detail 674937001552 (欣速安 托伐普坦片 15mg*7片)
[2026-07-17 08:42:09] [INFO]   detail 674937001552 -> status=success title=【欣速安】托伐普坦片 15mg*7片/盒 price=¥211.89 shop=依伦平旗舰店
[2026-07-17 08:42:09] [INFO] [W00003] 路线一 detail 673188996607 (葛泰 地奥司明片 0.45g*20片)
[2026-07-17 08:42:45] [INFO]   detail 673188996607 -> status=success title=【葛泰】地奥司明片 0.45g*20片/盒 price=¥23 shop=依伦平旗舰店
[2026-07-17 08:42:45] [INFO] [W00003] 路线二 search '依伦平旗舰店 依伦平 厄贝沙坦氢氯噻嗪片 150mg:12.5mg*14片' (目标 依伦平 150mg:12.5mg*14片)
[2026-07-17 08:43:09] [INFO]   search '依伦平旗舰店 依伦平 厄贝沙坦氢氯噻嗪片 150mg:12.5mg*14片' -> 6 条结果
[2026-07-17 08:43:09] [INFO] [W00003] 路线二 detail 候选 676811555503 (依伦平 厄贝沙坦氢氯噻嗪片 0.15g:12.5mg*14片/盒)
[2026-07-17 08:43:33] [INFO]   detail 676811555503 -> status=success title=【依伦平】厄贝沙坦氢氯噻嗪片 12.5mg:150mg*14片/盒 price=¥85.8 shop=依伦平旗舰店
[2026-07-17 08:43:33] [INFO] [W00003] 路线二 search '依伦平旗舰店 欣速安 托伐普坦片 15mg*7片' (目标 欣速安 15mg*7片)
[2026-07-17 08:43:59] [INFO]   search '依伦平旗舰店 欣速安 托伐普坦片 15mg*7片' -> 20 条结果
[2026-07-17 08:43:59] [INFO] [W00003] 路线二 detail 候选 745832205211 (欣速安 托伐普坦片 15mg*7片)
[2026-07-17 08:44:30] [INFO]   detail 745832205211 -> status=shop_mismatch title=【欣速安】托伐普坦片 15mg*7片/盒 price=¥590 shop=益丰大药房旗舰店
[2026-07-17 08:44:30] [INFO] [W00003] 路线二 detail 候选 1054111973898 (轻水悦 托伐普坦片15mg*7片/盒)
[2026-07-17 08:45:01] [INFO]   detail 1054111973898 -> status=shop_mismatch title=轻水悦 托伐普坦片 15mg*7片/盒 price=¥71 shop=众药师大药房旗舰店
[2026-07-17 08:45:01] [INFO] [W00003] 路线二 search '依伦平旗舰店 葛泰 地奥司明片 0.45g*20片' (目标 葛泰 0.45g*20片)
[2026-07-17 08:45:34] [INFO]   search '依伦平旗舰店 葛泰 地奥司明片 0.45g*20片' -> 20 条结果
[2026-07-17 08:45:34] [INFO] [W00003] 路线二 detail 候选 836393392908 (南京正大天晴 葛泰 地奥司明片 0.45g*20片/盒)
[2026-07-17 08:46:02] [INFO]   detail 836393392908 -> status=shop_mismatch title=【葛泰】地奥司明片 0.45g*20片/盒 price=¥115 shop=江苏省医药大药房旗舰店
[2026-07-17 08:46:02] [INFO] [W00003] 路线二 detail 候选 991075825560 (葛泰 地奥司明片0.45g*20片/盒)
[2026-07-17 08:47:15] [INFO] 剩余验证店铺 2 家
[2026-07-17 08:47:15] [INFO]   W00003 依伦平旗舰店: 3 条线索
[2026-07-17 08:47:15] [INFO]   W04566 上元堂大药房旗舰店: 3 条线索
[2026-07-17 08:47:15] [INFO] [W00003] === 开始处理 依伦平旗舰店 (历史线索 3 条) ===
[2026-07-17 08:47:15] [INFO] [W00003] 路线一 detail 674234987846 (依伦平 厄贝沙坦氢氯噻嗪片 150mg:12.5mg*14片)
[2026-07-17 08:47:40] [INFO]   detail 674234987846 -> status=success title=【依伦平】厄贝沙坦氢氯噻嗪片 12.5mg:150mg*14片/盒 price=¥86 shop=依伦平旗舰店
[2026-07-17 08:47:40] [INFO] [W00003] 路线一 detail 674937001552 (欣速安 托伐普坦片 15mg*7片)
[2026-07-17 08:48:12] [INFO]   detail 674937001552 -> status=success title=【欣速安】托伐普坦片 15mg*7片/盒 price=¥211.89 shop=依伦平旗舰店
[2026-07-17 08:48:12] [INFO] [W00003] 路线一 detail 673188996607 (葛泰 地奥司明片 0.45g*20片)
[2026-07-17 08:48:40] [INFO]   detail 673188996607 -> status=success title=【葛泰】地奥司明片 0.45g*20片/盒 price=¥23 shop=依伦平旗舰店
[2026-07-17 08:48:40] [INFO] [W00003] 路线二 search '依伦平旗舰店 依伦平 厄贝沙坦氢氯噻嗪片 150mg:12.5mg*14片' (目标 依伦平 150mg:12.5mg*14片)
[2026-07-17 08:49:05] [INFO]   search '依伦平旗舰店 依伦平 厄贝沙坦氢氯噻嗪片 150mg:12.5mg*14片' -> 6 条结果
[2026-07-17 08:49:05] [INFO] [W00003] 路线二 detail 候选 676811555503 (依伦平 厄贝沙坦氢氯噻嗪片 0.15g:12.5mg*14片/盒)
[2026-07-17 08:49:31] [INFO]   detail 676811555503 -> status=success title=【依伦平】厄贝沙坦氢氯噻嗪片 12.5mg:150mg*14片/盒 price=¥85.8 shop=依伦平旗舰店
[2026-07-17 08:49:31] [INFO] [W00003] 路线二 search '依伦平旗舰店 欣速安 托伐普坦片 15mg*7片' (目标 欣速安 15mg*7片)
[2026-07-17 08:50:03] [INFO]   search '依伦平旗舰店 欣速安 托伐普坦片 15mg*7片' -> 20 条结果
[2026-07-17 08:50:03] [INFO] [W00003] 路线二 detail 候选 745832205211 (欣速安 托伐普坦片 15mg*7片)
[2026-07-17 08:50:31] [INFO]   detail 745832205211 -> status=shop_mismatch title=【欣速安】托伐普坦片 15mg*7片/盒 price=¥590 shop=益丰大药房旗舰店
[2026-07-17 08:50:31] [INFO] [W00003] 路线二 detail 候选 1054111973898 (轻水悦 托伐普坦片15mg*7片/盒)
[2026-07-17 08:50:54] [INFO]   detail 1054111973898 -> status=shop_mismatch title=轻水悦 托伐普坦片 15mg*7片/盒 price=¥71 shop=众药师大药房旗舰店
[2026-07-17 08:50:54] [INFO] [W00003] 路线二 search '依伦平旗舰店 葛泰 地奥司明片 0.45g*20片' (目标 葛泰 0.45g*20片)
[2026-07-17 08:51:14] [INFO]   search '依伦平旗舰店 葛泰 地奥司明片 0.45g*20片' -> 20 条结果
[2026-07-17 08:51:14] [INFO] [W00003] 路线二 detail 候选 836393392908 (南京正大天晴 葛泰 地奥司明片 0.45g*20片/盒)
[2026-07-17 08:51:44] [INFO]   detail 836393392908 -> status=shop_mismatch title=【葛泰】地奥司明片 0.45g*20片/盒 price=¥115 shop=江苏省医药大药房旗舰店
[2026-07-17 08:51:44] [INFO] [W00003] 路线二 detail 候选 991075825560 (葛泰 地奥司明片0.45g*20片/盒)
[2026-07-17 08:52:03] [INFO]   detail 991075825560 -> status=shop_mismatch title=葛泰 地奥司明片 0.45g*20片/盒 price=¥46 shop=枣庄漱玉平民大药房旗舰店
[2026-07-17 08:52:03] [INFO] [W00003] 依伦平旗舰店 处理完成：成功 4/6 条，店铺映射=已找到
[2026-07-17 08:52:03] [INFO] [W00003] 已保存CSV（累计 1 家店铺，6 条药品）
[2026-07-17 08:52:03] [INFO] [W04566] === 开始处理 上元堂大药房旗舰店 (历史线索 3 条) ===
[2026-07-17 08:52:03] [INFO] [W04566] 路线一 detail 708364294118 (葛泰 地奥司明片 0.45g*24片)
[2026-07-17 08:52:30] [INFO]   detail 708364294118 -> status=price_ambiguous title=【葛泰】地奥司明片 0.45g*24片/盒 price=¥1 shop=上元堂大药房旗舰店
[2026-07-17 08:52:30] [INFO] [W04566] 路线一 detail 724641013687 (托妥 瑞舒伐他汀钙片 10mg*28片)
[2026-07-17 08:52:52] [INFO]   detail 724641013687 -> status=success title=【正大天晴】瑞舒伐他汀钙片 10mg*28片/盒 price=¥112 shop=上元堂大药房旗舰店
[2026-07-17 08:52:52] [INFO] [W04566] 路线一 detail 612586557167 (依伦平 厄贝沙坦氢氯噻嗪片 0.15g:12.5mg*28片)
[2026-07-17 08:53:20] [INFO]   detail 612586557167 -> status=success title=【依伦平】厄贝沙坦氢氯噻嗪片 12.5mg:150mg*28片/盒 price=¥142.8 shop=上元堂大药房旗舰店
[2026-07-17 08:53:20] [INFO] [W04566] 路线二 search '上元堂大药房旗舰店 葛泰 地奥司明片 0.45g*24片' (目标 葛泰 0.45g*24片)
[2026-07-17 08:53:39] [INFO]   search '上元堂大药房旗舰店 葛泰 地奥司明片 0.45g*24片' -> 19 条结果
[2026-07-17 08:53:39] [INFO] [W04566] 路线二 detail 候选 547214614259 (官方旗舰店】马应龙 地奥司明片 0.45g*24片/盒 马应龙官方旗舰店正品)
[2026-07-17 08:54:11] [INFO]   detail 547214614259 -> status=shop_mismatch title=【马应龙】地奥司明片 0.45g*24片/盒 price=¥48 shop=马应龙大药房旗舰店
[2026-07-17 08:54:11] [INFO] [W04566] 路线二 detail 候选 713199361431 (马应龙 地奥司明片 0.45g*24片)
[2026-07-17 08:54:30] [INFO]   detail 713199361431 -> status=shop_mismatch title=[马应龙]地奥司明片 0.45g*24片/盒 price=¥24 shop=布衣大药房旗舰店
[2026-07-17 08:54:30] [INFO] [W04566] 路线二 search '上元堂大药房旗舰店 托妥 瑞舒伐他汀钙片 10mg*28片' (目标 托妥 10mg*28片)
[2026-07-17 08:54:58] [INFO]   search '上元堂大药房旗舰店 托妥 瑞舒伐他汀钙片 10mg*28片' -> 20 条结果
[2026-07-17 08:54:58] [INFO] [W04566] 路线二 detail 候选 614182635861 (正大天晴 10mg*28片/盒 瑞舒伐他汀钙片)
[2026-07-17 08:55:27] [INFO]   detail 614182635861 -> status=success title=【正大天晴】瑞舒伐他汀钙片 10mg*28片/盒 price=¥112 shop=上元堂大药房旗舰店
[2026-07-17 08:55:27] [INFO] [W04566] 路线二 search '上元堂大药房旗舰店 依伦平 厄贝沙坦氢氯噻嗪片 0.15g:12.5mg*28片' (目标 依伦平 0.15g:12.5mg*28片)
[2026-07-17 08:55:49] [INFO]   search '上元堂大药房旗舰店 依伦平 厄贝沙坦氢氯噻嗪片 0.15g:12.5mg*28片' -> 20 条结果
[2026-07-17 08:55:49] [INFO] [W04566] 路线二 detail 候选 758254071367 (正大天晴 依伦平 厄贝沙坦氢氯噻嗪片 150mg:12.5mg*28片/盒 国企)
[2026-07-17 08:56:11] [INFO]   detail 758254071367 -> status=shop_mismatch title=【依伦平】厄贝沙坦氢氯噻嗪片 12.5mg:150mg*28片/盒 price=¥85.68 shop=江苏省医药大药房旗舰店
[2026-07-17 08:56:11] [INFO] [W04566] 路线二 detail 候选 740471231276 (【依伦平】厄贝沙坦氢氯噻嗪片 150mg:12.5mg*28片/盒)
[2026-07-17 08:56:39] [INFO]   detail 740471231276 -> status=shop_mismatch title=【依伦平】厄贝沙坦氢氯噻嗪片 12.5mg:150mg*28片/盒 price=¥85.68 shop=瑾德堂大药房旗舰店
[2026-07-17 08:56:39] [INFO] [W04566] 上元堂大药房旗舰店 处理完成：成功 3/6 条，店铺映射=已找到
[2026-07-17 08:56:39] [INFO] [W04566] 已保存CSV（累计 2 家店铺，12 条药品）
